<?xml version="1.0" encoding="UTF-8"?>
<!-- Generated by org.testng.reporters.JUnitXMLReporter -->
<testsuite ignored="0" hostname="DESKTOP-U9882TR" failures="0" tests="3" name="Default test" time="0.329" errors="0" timestamp="2024-05-13T21:35:14 EEST">
  <testcase classname="Curs16.BeforeAfterAnnotation" name="test1" time="0.048"/>
  <testcase classname="Curs16.BeforeAfterAnnotation" name="test2" time="0.002"/>
  <testcase classname="Curs16.BeforeAfterAnnotation" name="test3" time="0.006"/>
</testsuite> <!-- Default test -->
