<?xml version="1.0" encoding="UTF-8"?>
<!-- Generated by org.testng.reporters.JUnitXMLReporter -->
<testsuite ignored="0" hostname="DESKTOP-U9882TR" failures="0" tests="3" name="Default test" time="24.518" errors="0" timestamp="2024-05-27T20:34:44 EEST">
  <testcase classname="Curs20.JsAlertExample" name="confirm" time="5.61"/>
  <testcase classname="Curs20.JsAlertExample" name="jsAlertExample" time="3.518"/>
  <testcase classname="Curs20.JsAlertExample" name="promptJsAlert" time="10.47"/>
</testsuite> <!-- Default test -->
