<?xml version="1.0" encoding="UTF-8"?>
<testng-results ignored="0" total="1" passed="1" failed="0" skipped="0">
  <reporter-output>
  </reporter-output>
  <suite started-at="2024-05-24T15:40:46 EEST" name="Default suite" finished-at="2024-05-24T15:41:05 EEST" duration-ms="18923">
    <groups>
    </groups>
    <test started-at="2024-05-24T15:40:46 EEST" name="Default test" finished-at="2024-05-24T15:41:05 EEST" duration-ms="18923">
      <class name="Tema3.ContactPage">
        <test-method is-config="true" signature="setup()[pri:0, instance:Tema3.ContactPage@5b03b9fe]" started-at="2024-05-24T15:40:46 EEST" name="setup" finished-at="2024-05-24T15:40:49 EEST" duration-ms="3205" status="PASS">
          <reporter-output>
          </reporter-output>
        </test-method> <!-- setup -->
        <test-method signature="contactPage()[pri:0, instance:Tema3.ContactPage@5b03b9fe]" started-at="2024-05-24T15:40:49 EEST" name="contactPage" finished-at="2024-05-24T15:41:00 EEST" duration-ms="10540" status="PASS">
          <reporter-output>
          </reporter-output>
        </test-method> <!-- contactPage -->
        <test-method is-config="true" signature="tearDown()[pri:0, instance:Tema3.ContactPage@5b03b9fe]" started-at="2024-05-24T15:41:00 EEST" name="tearDown" finished-at="2024-05-24T15:41:05 EEST" duration-ms="5149" status="PASS">
          <reporter-output>
          </reporter-output>
        </test-method> <!-- tearDown -->
      </class> <!-- Tema3.ContactPage -->
    </test> <!-- Default test -->
  </suite> <!-- Default suite -->
</testng-results>
