<?xml version="1.0" encoding="UTF-8"?>
<testng-results ignored="0" total="2" passed="2" failed="0" skipped="0">
  <reporter-output>
  </reporter-output>
  <suite started-at="2024-05-27T18:26:11 EEST" name="Default suite" finished-at="2024-05-27T18:26:34 EEST" duration-ms="23000">
    <groups>
    </groups>
    <test started-at="2024-05-27T18:26:11 EEST" name="Default test" finished-at="2024-05-27T18:26:34 EEST" duration-ms="23000">
      <class name="Tema4.CautareCarte">
        <test-method is-config="true" signature="setup()[pri:0, instance:Tema4.CautareCarte@57cf54e1]" started-at="2024-05-27T18:26:11 EEST" name="setup" finished-at="2024-05-27T18:26:15 EEST" duration-ms="3398" status="PASS">
          <reporter-output>
          </reporter-output>
        </test-method> <!-- setup -->
        <test-method signature="cautaCarte()[pri:0, instance:Tema4.CautareCarte@57cf54e1]" started-at="2024-05-27T18:26:15 EEST" name="cautaCarte" finished-at="2024-05-27T18:26:28 EEST" duration-ms="13142" status="PASS">
          <reporter-output>
          </reporter-output>
        </test-method> <!-- cautaCarte -->
        <test-method signature="verificaCart()[pri:1, instance:Tema4.CautareCarte@57cf54e1]" started-at="2024-05-27T18:26:28 EEST" name="verificaCart" finished-at="2024-05-27T18:26:34 EEST" duration-ms="6406" status="PASS">
          <reporter-output>
          </reporter-output>
        </test-method> <!-- verificaCart -->
      </class> <!-- Tema4.CautareCarte -->
    </test> <!-- Default test -->
  </suite> <!-- Default suite -->
</testng-results>
